<?xml version="1.0" encoding="UTF-8"?>
<!-- Generated by org.testng.reporters.JUnitReportReporter -->
<testsuite skipped="0" hostname="DESKTOP-SJHE5DR" name="org.program.ParallelExecutionTestLevel" tests="3" failures="0" timestamp="19 Aug 2021 12:12:45 GMT" time="66.597" errors="0">
  <testcase name="tc1" time="17.818" classname="org.program.ParallelExecutionTestLevel"/>
  <testcase name="tc1" time="25.208" classname="org.program.ParallelExecutionTestLevel"/>
  <testcase name="tc1" time="23.571" classname="org.program.ParallelExecutionTestLevel"/>
</testsuite> <!-- org.program.ParallelExecutionTestLevel -->
