<?xml version="1.0" encoding="UTF-8"?>
<!-- Generated by org.testng.reporters.JUnitReportReporter -->
<testsuite skipped="0" hostname="DESKTOP-SJHE5DR" name="org.program.TestNgAsserts" tests="2" failures="0" timestamp="18 Aug 2021 10:40:15 GMT" time="22.444" errors="0">
  <testcase name="tcDataProvider" time="3.872" classname="org.program.TestNgAsserts"/>
  <testcase name="tcDataProvider" time="18.572" classname="org.program.TestNgAsserts"/>
</testsuite> <!-- org.program.TestNgAsserts -->
