<?xml version="1.0" encoding="UTF-8"?>
<!-- Generated by org.testng.reporters.JUnitReportReporter -->
<testsuite skipped="0" hostname="DESKTOP-SJHE5DR" name="org.program.ParallelExecution" tests="4" failures="0" timestamp="19 Aug 2021 09:52:56 GMT" time="39.423" errors="0">
  <testcase name="tc4" time="18.439" classname="org.program.ParallelExecution"/>
  <testcase name="tc1" time="5.030" classname="org.program.ParallelExecution"/>
  <testcase name="tc3" time="11.342" classname="org.program.ParallelExecution"/>
  <testcase name="tc2" time="4.612" classname="org.program.ParallelExecution"/>
</testsuite> <!-- org.program.ParallelExecution -->
