<?xml version="1.0" encoding="UTF-8"?>
<!-- Generated by org.testng.reporters.JUnitReportReporter -->
<testsuite skipped="0" hostname="DESKTOP-SJHE5DR" name="org.program.ParallelSuportClassTestNG" tests="2" failures="0" timestamp="18 Aug 2021 10:30:32 GMT" time="21.039" errors="0">
  <testcase name="tc1" time="16.885" classname="org.program.ParallelSuportClassTestNG"/>
  <testcase name="tc1" time="4.154" classname="org.program.ParallelSuportClassTestNG"/>
</testsuite> <!-- org.program.ParallelSuportClassTestNG -->
