<?xml version="1.0" encoding="UTF-8"?>
<!-- Generated by org.testng.reporters.JUnitReportReporter -->
<testsuite skipped="0" hostname="DESKTOP-SJHE5DR" name="org.program.SuiteClassTestNG" tests="5" failures="0" timestamp="18 Aug 2021 09:46:47 GMT" time="40.249" errors="0">
  <testcase name="tc4" time="19.653" classname="org.program.SuiteClassTestNG"/>
  <testcase name="tc5" time="6.449" classname="org.program.SuiteClassTestNG"/>
  <testcase name="tc8" time="5.324" classname="org.program.SuiteClassTestNG"/>
  <testcase name="tc3" time="3.943" classname="org.program.SuiteClassTestNG"/>
  <testcase name="tc7" time="4.880" classname="org.program.SuiteClassTestNG"/>
</testsuite> <!-- org.program.SuiteClassTestNG -->
